<?xml version="1.0" encoding="UTF-8"?>
<!-- Generated by org.testng.reporters.JUnitReportReporter -->
<testsuite hostname="DESKTOP-8OGD429" name="Tests.CreateComputer" tests="1" failures="0" timestamp="1 Jul 2017 01:10:33 GMT" time="3.076" errors="0">
  <testcase name="createComputerTest" time="3.076" classname="Tests.CreateComputer"/>
</testsuite> <!-- Tests.CreateComputer -->
